2013-03-30 21:28:44 - error - Error message
2013-03-30 21:28:44 - critical - Critical message
2013-03-30 21:33:51 - error - Error message
2013-03-30 21:33:51 - critical - Critical message
2013-03-30 21:33:57 - error - Error message
2013-03-30 21:33:57 - critical - Critical message
2013-03-30 21:35:53 - error - Error message
2013-03-30 21:35:53 - critical - Critical message
2013-03-30 21:35:54 - critical - Data must be a reference at /home/sge/src/kelp/lib/Kelp/Response.pm line 76.
	Kelp::Response::render('Kelp::Response=HASH(0x246b000)', 'aaa') called at t/response.t line 32
	main::__ANON__('Kelp=HASH(0x17190d0)', 1) called at /home/sge/src/kelp/lib/Kelp.pm line 135
	Kelp::__ANON__() called at /usr/share/perl5/site_perl/Try/Tiny.pm line 76
	eval {...} called at /usr/share/perl5/site_perl/Try/Tiny.pm line 67
	Try::Tiny::try('CODE(0x2475898)', 'Try::Tiny::Catch=REF(0x2475910)') called at /home/sge/src/kelp/lib/Kelp.pm line 139
	Kelp::run('Kelp=HASH(0x17190d0)', 'HASH(0x246b288)') called at /home/sge/src/kelp/lib/Kelp.pm line 87
	Kelp::__ANON__('HASH(0x246b288)') called at /usr/share/perl5/site_perl/Plack/Test/MockHTTP.pm line 24
	Plack::Test::MockHTTP::__ANON__() called at /usr/share/perl5/site_perl/Try/Tiny.pm line 71
	eval {...} called at /usr/share/perl5/site_perl/Try/Tiny.pm line 67
	Try::Tiny::try('CODE(0x2475ac0)', 'Try::Tiny::Catch=REF(0x2475400)') called at /usr/share/perl5/site_perl/Plack/Test/MockHTTP.pm line 27
	Plack::Test::MockHTTP::__ANON__('HTTP::Request=HASH(0x246ae20)') called at /home/sge/src/kelp/lib/Kelp/Test.pm line 17
	Kelp::Test::__ANON__('CODE(0x24753a0)') called at /usr/share/perl5/site_perl/Plack/Test/MockHTTP.pm line 33
	Plack::Test::MockHTTP::test_psgi('app', 'CODE(0x24495d8)', 'client', 'CODE(0x238cba8)') called at /usr/share/perl5/site_perl/Plack/Test.pm line 17
	Plack::Test::test_psgi('app', 'CODE(0x24495d8)', 'client', 'CODE(0x238cba8)') called at /home/sge/src/kelp/lib/Kelp/Test.pm line 17
	Kelp::Test::request('Kelp::Test=HASH(0x22b0158)', 'HTTP::Request=HASH(0x246ae20)') called at t/response.t line 33

2013-03-30 21:35:54 - critical - cannot encode reference to scalar 'SCALAR(0x1f979e8)' unless the scalar is 0 or 1 at /home/sge/src/kelp/lib/Kelp/Response.pm line 77.

2013-03-30 21:35:54 - critical - You all suck. at t/response.t line 66.

2013-03-30 21:35:54 - critical - CODE(0x183e220) did not render for method GET
2013-03-30 21:35:54 - critical - CODE(0x1874eb0) did not render for method GET
2013-03-30 21:35:54 - critical - Route not found main::Nobody::home for /wrong_to1
2013-03-30 21:35:54 - critical - Invalid destination for /wrong_to2
2013-03-30 21:35:54 - critical - Invalid destination for /wrong_to3
2013-03-30 21:35:54 - critical - Invalid destination for /wrong_to4
2013-03-30 21:35:54 - critical - Route not found main::1 for /wrong_to5
2013-03-30 21:35:54 - critical - Route not found main::missing for /wrong_to6
2013-03-30 21:36:07 - error - Error message
2013-03-30 21:36:07 - critical - Critical message
2013-03-31 10:06:45 - error - Error message
2013-03-31 10:06:45 - critical - Critical message
2013-03-31 10:49:12 - error - Error message
2013-03-31 10:49:12 - critical - Critical message
2013-03-31 17:31:02 - error - Error message
2013-03-31 17:31:02 - critical - Critical message
2013-04-02 18:57:32 - error - Error message
2013-04-02 18:57:32 - critical - Critical message
2013-04-03 00:53:38 - error - Error message
2013-04-03 00:53:38 - critical - Critical message
2013-04-03 02:00:17 - error - Error message
2013-04-03 02:00:17 - critical - Critical message
2013-04-03 14:10:31 - error - Error message
2013-04-03 14:10:31 - critical - Critical message
2013-04-03 14:12:00 - error - Error message
2013-04-03 14:12:00 - critical - Critical message
2013-04-04 13:47:59 - error - Error message
2013-04-04 13:47:59 - critical - Critical message
2013-04-07 14:48:33 - error - Error message
2013-04-07 14:48:33 - critical - Critical message
2013-04-07 18:19:47 - error - Error message
2013-04-07 18:19:47 - critical - Critical message
2013-04-08 09:09:09 - error - Error message
2013-04-08 09:09:09 - critical - Critical message
2013-04-08 09:12:10 - error - Error message
2013-04-08 09:12:10 - critical - Critical message
2013-04-08 09:12:40 - error - Error message
2013-04-08 09:12:40 - critical - Critical message
2013-04-08 09:12:44 - error - Error message
2013-04-08 09:12:44 - critical - Critical message
